mode: set
github.com/my/repo/Desktop/goWorkingDir/src/github.com/cynthia4950/multiway_merge_sort/multiwayMS_v3/consumer.go:24.71,31.37 3 1
github.com/my/repo/Desktop/goWorkingDir/src/github.com/cynthia4950/multiway_merge_sort/multiwayMS_v3/consumer.go:35.2,35.6 1 1
github.com/my/repo/Desktop/goWorkingDir/src/github.com/cynthia4950/multiway_merge_sort/multiwayMS_v3/consumer.go:31.37,33.3 1 0
github.com/my/repo/Desktop/goWorkingDir/src/github.com/cynthia4950/multiway_merge_sort/multiwayMS_v3/consumer.go:35.6,37.17 2 1
github.com/my/repo/Desktop/goWorkingDir/src/github.com/cynthia4950/multiway_merge_sort/multiwayMS_v3/consumer.go:37.17,42.4 2 0
github.com/my/repo/Desktop/goWorkingDir/src/github.com/cynthia4950/multiway_merge_sort/multiwayMS_v3/consumer.go:42.9,46.19 1 1
github.com/my/repo/Desktop/goWorkingDir/src/github.com/cynthia4950/multiway_merge_sort/multiwayMS_v3/consumer.go:51.4,52.11 2 1
github.com/my/repo/Desktop/goWorkingDir/src/github.com/cynthia4950/multiway_merge_sort/multiwayMS_v3/consumer.go:57.4,60.18 3 1
github.com/my/repo/Desktop/goWorkingDir/src/github.com/cynthia4950/multiway_merge_sort/multiwayMS_v3/consumer.go:65.4,76.18 7 1
github.com/my/repo/Desktop/goWorkingDir/src/github.com/cynthia4950/multiway_merge_sort/multiwayMS_v3/consumer.go:79.4,79.41 1 1
github.com/my/repo/Desktop/goWorkingDir/src/github.com/cynthia4950/multiway_merge_sort/multiwayMS_v3/consumer.go:46.19,50.5 2 1
github.com/my/repo/Desktop/goWorkingDir/src/github.com/cynthia4950/multiway_merge_sort/multiwayMS_v3/consumer.go:52.11,55.5 2 0
github.com/my/repo/Desktop/goWorkingDir/src/github.com/cynthia4950/multiway_merge_sort/multiwayMS_v3/consumer.go:60.18,63.5 2 0
github.com/my/repo/Desktop/goWorkingDir/src/github.com/cynthia4950/multiway_merge_sort/multiwayMS_v3/consumer.go:76.18,78.5 1 1
github.com/my/repo/Desktop/goWorkingDir/src/github.com/cynthia4950/multiway_merge_sort/multiwayMS_v3/consumer.go:79.41,82.19 2 1
github.com/my/repo/Desktop/goWorkingDir/src/github.com/cynthia4950/multiway_merge_sort/multiwayMS_v3/consumer.go:82.19,84.6 1 0
github.com/my/repo/Desktop/goWorkingDir/src/github.com/cynthia4950/multiway_merge_sort/multiwayMS_v3/consumer.go:103.30,108.16 4 0
github.com/my/repo/Desktop/goWorkingDir/src/github.com/cynthia4950/multiway_merge_sort/multiwayMS_v3/consumer.go:111.2,111.21 1 0
github.com/my/repo/Desktop/goWorkingDir/src/github.com/cynthia4950/multiway_merge_sort/multiwayMS_v3/consumer.go:108.16,110.3 1 0
github.com/my/repo/Desktop/goWorkingDir/src/github.com/cynthia4950/multiway_merge_sort/multiwayMS_v3/consumer.go:114.55,117.2 2 1
github.com/my/repo/Desktop/goWorkingDir/src/github.com/cynthia4950/multiway_merge_sort/multiwayMS_v3/consumer.go:119.42,120.11 1 1
github.com/my/repo/Desktop/goWorkingDir/src/github.com/cynthia4950/multiway_merge_sort/multiwayMS_v3/consumer.go:120.11,126.3 4 1
github.com/my/repo/Desktop/goWorkingDir/src/github.com/cynthia4950/multiway_merge_sort/multiwayMS_v3/consumer.go:129.45,138.26 5 1
github.com/my/repo/Desktop/goWorkingDir/src/github.com/cynthia4950/multiway_merge_sort/multiwayMS_v3/consumer.go:142.2,142.26 1 1
github.com/my/repo/Desktop/goWorkingDir/src/github.com/cynthia4950/multiway_merge_sort/multiwayMS_v3/consumer.go:147.2,151.23 4 1
github.com/my/repo/Desktop/goWorkingDir/src/github.com/cynthia4950/multiway_merge_sort/multiwayMS_v3/consumer.go:163.2,163.13 1 1
github.com/my/repo/Desktop/goWorkingDir/src/github.com/cynthia4950/multiway_merge_sort/multiwayMS_v3/consumer.go:170.2,170.13 1 1
github.com/my/repo/Desktop/goWorkingDir/src/github.com/cynthia4950/multiway_merge_sort/multiwayMS_v3/consumer.go:138.26,140.3 1 1
github.com/my/repo/Desktop/goWorkingDir/src/github.com/cynthia4950/multiway_merge_sort/multiwayMS_v3/consumer.go:142.26,144.3 1 1
github.com/my/repo/Desktop/goWorkingDir/src/github.com/cynthia4950/multiway_merge_sort/multiwayMS_v3/consumer.go:151.23,152.19 1 1
github.com/my/repo/Desktop/goWorkingDir/src/github.com/cynthia4950/multiway_merge_sort/multiwayMS_v3/consumer.go:159.3,159.9 1 1
github.com/my/repo/Desktop/goWorkingDir/src/github.com/cynthia4950/multiway_merge_sort/multiwayMS_v3/consumer.go:152.19,155.4 2 1
github.com/my/repo/Desktop/goWorkingDir/src/github.com/cynthia4950/multiway_merge_sort/multiwayMS_v3/consumer.go:155.9,158.4 2 1
github.com/my/repo/Desktop/goWorkingDir/src/github.com/cynthia4950/multiway_merge_sort/multiwayMS_v3/consumer.go:163.13,167.3 3 1
github.com/my/repo/Desktop/goWorkingDir/src/github.com/cynthia4950/multiway_merge_sort/multiwayMS_v3/consumer.go:170.13,174.3 3 1
github.com/my/repo/Desktop/goWorkingDir/src/github.com/cynthia4950/multiway_merge_sort/multiwayMS_v3/consumer.go:177.19,184.16 5 1
github.com/my/repo/Desktop/goWorkingDir/src/github.com/cynthia4950/multiway_merge_sort/multiwayMS_v3/consumer.go:187.2,190.38 3 1
github.com/my/repo/Desktop/goWorkingDir/src/github.com/cynthia4950/multiway_merge_sort/multiwayMS_v3/consumer.go:198.2,206.38 5 1
github.com/my/repo/Desktop/goWorkingDir/src/github.com/cynthia4950/multiway_merge_sort/multiwayMS_v3/consumer.go:218.2,221.38 3 1
github.com/my/repo/Desktop/goWorkingDir/src/github.com/cynthia4950/multiway_merge_sort/multiwayMS_v3/consumer.go:230.2,234.16 4 1
github.com/my/repo/Desktop/goWorkingDir/src/github.com/cynthia4950/multiway_merge_sort/multiwayMS_v3/consumer.go:238.2,238.6 1 1
github.com/my/repo/Desktop/goWorkingDir/src/github.com/cynthia4950/multiway_merge_sort/multiwayMS_v3/consumer.go:184.16,186.3 1 1
github.com/my/repo/Desktop/goWorkingDir/src/github.com/cynthia4950/multiway_merge_sort/multiwayMS_v3/consumer.go:190.38,197.3 1 1
github.com/my/repo/Desktop/goWorkingDir/src/github.com/cynthia4950/multiway_merge_sort/multiwayMS_v3/consumer.go:206.38,216.3 7 1
github.com/my/repo/Desktop/goWorkingDir/src/github.com/cynthia4950/multiway_merge_sort/multiwayMS_v3/consumer.go:221.38,224.28 3 1
github.com/my/repo/Desktop/goWorkingDir/src/github.com/cynthia4950/multiway_merge_sort/multiwayMS_v3/consumer.go:224.28,227.4 2 0
github.com/my/repo/Desktop/goWorkingDir/src/github.com/cynthia4950/multiway_merge_sort/multiwayMS_v3/consumer.go:234.16,236.3 1 0
github.com/my/repo/Desktop/goWorkingDir/src/github.com/cynthia4950/multiway_merge_sort/multiwayMS_v3/consumer.go:238.6,245.17 3 1
github.com/my/repo/Desktop/goWorkingDir/src/github.com/cynthia4950/multiway_merge_sort/multiwayMS_v3/consumer.go:257.3,258.39 2 1
github.com/my/repo/Desktop/goWorkingDir/src/github.com/cynthia4950/multiway_merge_sort/multiwayMS_v3/consumer.go:266.3,269.24 3 1
github.com/my/repo/Desktop/goWorkingDir/src/github.com/cynthia4950/multiway_merge_sort/multiwayMS_v3/consumer.go:277.3,278.17 2 1
github.com/my/repo/Desktop/goWorkingDir/src/github.com/cynthia4950/multiway_merge_sort/multiwayMS_v3/consumer.go:245.17,251.4 4 1
github.com/my/repo/Desktop/goWorkingDir/src/github.com/cynthia4950/multiway_merge_sort/multiwayMS_v3/consumer.go:251.9,254.4 1 1
github.com/my/repo/Desktop/goWorkingDir/src/github.com/cynthia4950/multiway_merge_sort/multiwayMS_v3/consumer.go:258.39,260.29 2 1
github.com/my/repo/Desktop/goWorkingDir/src/github.com/cynthia4950/multiway_merge_sort/multiwayMS_v3/consumer.go:260.29,263.5 2 1
github.com/my/repo/Desktop/goWorkingDir/src/github.com/cynthia4950/multiway_merge_sort/multiwayMS_v3/consumer.go:269.24,271.40 1 1
github.com/my/repo/Desktop/goWorkingDir/src/github.com/cynthia4950/multiway_merge_sort/multiwayMS_v3/consumer.go:274.4,274.10 1 1
github.com/my/repo/Desktop/goWorkingDir/src/github.com/cynthia4950/multiway_merge_sort/multiwayMS_v3/consumer.go:271.40,273.5 1 1
github.com/my/repo/Desktop/goWorkingDir/src/github.com/cynthia4950/multiway_merge_sort/multiwayMS_v3/consumer.go:278.17,280.4 1 0
github.com/my/repo/Desktop/goWorkingDir/src/github.com/cynthia4950/multiway_merge_sort/multiwayMS_v3/consumer.go:287.120,298.2 7 1
github.com/my/repo/Desktop/goWorkingDir/src/github.com/cynthia4950/multiway_merge_sort/multiwayMS_v3/main.go:25.32,28.26 2 0
github.com/my/repo/Desktop/goWorkingDir/src/github.com/cynthia4950/multiway_merge_sort/multiwayMS_v3/main.go:47.2,47.20 1 0
github.com/my/repo/Desktop/goWorkingDir/src/github.com/cynthia4950/multiway_merge_sort/multiwayMS_v3/main.go:28.26,34.17 5 0
github.com/my/repo/Desktop/goWorkingDir/src/github.com/cynthia4950/multiway_merge_sort/multiwayMS_v3/main.go:39.3,40.31 2 0
github.com/my/repo/Desktop/goWorkingDir/src/github.com/cynthia4950/multiway_merge_sort/multiwayMS_v3/main.go:45.3,45.22 1 0
github.com/my/repo/Desktop/goWorkingDir/src/github.com/cynthia4950/multiway_merge_sort/multiwayMS_v3/main.go:34.17,36.14 2 0
github.com/my/repo/Desktop/goWorkingDir/src/github.com/cynthia4950/multiway_merge_sort/multiwayMS_v3/main.go:40.31,43.4 2 0
github.com/my/repo/Desktop/goWorkingDir/src/github.com/cynthia4950/multiway_merge_sort/multiwayMS_v3/main.go:50.13,70.32 8 0
github.com/my/repo/Desktop/goWorkingDir/src/github.com/cynthia4950/multiway_merge_sort/multiwayMS_v3/main.go:75.2,78.35 3 0
github.com/my/repo/Desktop/goWorkingDir/src/github.com/cynthia4950/multiway_merge_sort/multiwayMS_v3/main.go:83.2,83.12 1 0
github.com/my/repo/Desktop/goWorkingDir/src/github.com/cynthia4950/multiway_merge_sort/multiwayMS_v3/main.go:70.32,74.3 3 0
github.com/my/repo/Desktop/goWorkingDir/src/github.com/cynthia4950/multiway_merge_sort/multiwayMS_v3/main.go:78.35,82.3 3 0
github.com/my/repo/Desktop/goWorkingDir/src/github.com/cynthia4950/multiway_merge_sort/multiwayMS_v3/producer.go:19.55,24.19 4 1
github.com/my/repo/Desktop/goWorkingDir/src/github.com/cynthia4950/multiway_merge_sort/multiwayMS_v3/producer.go:29.5,38.15 5 1
github.com/my/repo/Desktop/goWorkingDir/src/github.com/cynthia4950/multiway_merge_sort/multiwayMS_v3/producer.go:44.2,44.12 1 1
github.com/my/repo/Desktop/goWorkingDir/src/github.com/cynthia4950/multiway_merge_sort/multiwayMS_v3/producer.go:24.19,27.6 2 0
github.com/my/repo/Desktop/goWorkingDir/src/github.com/cynthia4950/multiway_merge_sort/multiwayMS_v3/producer.go:38.15,41.3 2 0
github.com/my/repo/Desktop/goWorkingDir/src/github.com/cynthia4950/multiway_merge_sort/multiwayMS_v3/producer.go:49.71,56.25 6 1
github.com/my/repo/Desktop/goWorkingDir/src/github.com/cynthia4950/multiway_merge_sort/multiwayMS_v3/producer.go:67.2,67.20 1 1
github.com/my/repo/Desktop/goWorkingDir/src/github.com/cynthia4950/multiway_merge_sort/multiwayMS_v3/producer.go:73.2,73.12 1 1
github.com/my/repo/Desktop/goWorkingDir/src/github.com/cynthia4950/multiway_merge_sort/multiwayMS_v3/producer.go:56.25,60.17 4 1
github.com/my/repo/Desktop/goWorkingDir/src/github.com/cynthia4950/multiway_merge_sort/multiwayMS_v3/producer.go:64.3,64.45 1 1
github.com/my/repo/Desktop/goWorkingDir/src/github.com/cynthia4950/multiway_merge_sort/multiwayMS_v3/producer.go:60.17,61.14 1 0
github.com/my/repo/Desktop/goWorkingDir/src/github.com/cynthia4950/multiway_merge_sort/multiwayMS_v3/producer.go:67.20,71.3 3 1
github.com/my/repo/Desktop/goWorkingDir/src/github.com/cynthia4950/multiway_merge_sort/multiwayMS_v3/producer.go:76.85,78.32 2 1
github.com/my/repo/Desktop/goWorkingDir/src/github.com/cynthia4950/multiway_merge_sort/multiwayMS_v3/producer.go:92.2,93.21 2 1
github.com/my/repo/Desktop/goWorkingDir/src/github.com/cynthia4950/multiway_merge_sort/multiwayMS_v3/producer.go:78.32,91.3 6 1
github.com/my/repo/Desktop/goWorkingDir/src/github.com/cynthia4950/multiway_merge_sort/multiwayMS_v3/queue.go:34.39,36.2 1 1
github.com/my/repo/Desktop/goWorkingDir/src/github.com/cynthia4950/multiway_merge_sort/multiwayMS_v3/queue.go:38.43,40.2 1 0
github.com/my/repo/Desktop/goWorkingDir/src/github.com/cynthia4950/multiway_merge_sort/multiwayMS_v3/queue.go:41.44,43.2 1 0
github.com/my/repo/Desktop/goWorkingDir/src/github.com/cynthia4950/multiway_merge_sort/multiwayMS_v3/queue.go:45.38,47.16 2 0
github.com/my/repo/Desktop/goWorkingDir/src/github.com/cynthia4950/multiway_merge_sort/multiwayMS_v3/queue.go:51.2,51.19 1 0
github.com/my/repo/Desktop/goWorkingDir/src/github.com/cynthia4950/multiway_merge_sort/multiwayMS_v3/queue.go:47.16,49.3 1 0
github.com/my/repo/Desktop/goWorkingDir/src/github.com/cynthia4950/multiway_merge_sort/multiwayMS_v3/queue.go:54.42,57.2 2 0
github.com/my/repo/Desktop/goWorkingDir/src/github.com/cynthia4950/multiway_merge_sort/multiwayMS_v3/queue.go:58.43,61.2 2 0
github.com/my/repo/Desktop/goWorkingDir/src/github.com/cynthia4950/multiway_merge_sort/multiwayMS_v3/queue.go:65.68,69.16 3 0
github.com/my/repo/Desktop/goWorkingDir/src/github.com/cynthia4950/multiway_merge_sort/multiwayMS_v3/queue.go:80.2,80.12 1 0
github.com/my/repo/Desktop/goWorkingDir/src/github.com/cynthia4950/multiway_merge_sort/multiwayMS_v3/queue.go:69.16,71.3 1 0
github.com/my/repo/Desktop/goWorkingDir/src/github.com/cynthia4950/multiway_merge_sort/multiwayMS_v3/queue.go:71.8,75.17 2 0
github.com/my/repo/Desktop/goWorkingDir/src/github.com/cynthia4950/multiway_merge_sort/multiwayMS_v3/queue.go:78.3,78.45 1 0
github.com/my/repo/Desktop/goWorkingDir/src/github.com/cynthia4950/multiway_merge_sort/multiwayMS_v3/queue.go:75.17,77.4 1 0
github.com/my/repo/Desktop/goWorkingDir/src/github.com/cynthia4950/multiway_merge_sort/multiwayMS_v3/queue.go:83.72,87.16 3 1
github.com/my/repo/Desktop/goWorkingDir/src/github.com/cynthia4950/multiway_merge_sort/multiwayMS_v3/queue.go:90.2,90.12 1 1
github.com/my/repo/Desktop/goWorkingDir/src/github.com/cynthia4950/multiway_merge_sort/multiwayMS_v3/queue.go:87.16,89.3 1 0
github.com/my/repo/Desktop/goWorkingDir/src/github.com/cynthia4950/multiway_merge_sort/multiwayMS_v3/queue.go:93.73,97.16 3 0
github.com/my/repo/Desktop/goWorkingDir/src/github.com/cynthia4950/multiway_merge_sort/multiwayMS_v3/queue.go:100.2,100.12 1 0
github.com/my/repo/Desktop/goWorkingDir/src/github.com/cynthia4950/multiway_merge_sort/multiwayMS_v3/queue.go:97.16,99.3 1 0
github.com/my/repo/Desktop/goWorkingDir/src/github.com/cynthia4950/multiway_merge_sort/multiwayMS_v3/queue.go:103.70,112.2 2 0
github.com/my/repo/Desktop/goWorkingDir/src/github.com/cynthia4950/multiway_merge_sort/multiwayMS_v3/queue.go:114.74,119.2 1 0
github.com/my/repo/Desktop/goWorkingDir/src/github.com/cynthia4950/multiway_merge_sort/multiwayMS_v3/queue.go:121.75,126.2 3 0
