mode: set
github.com/my/repo/Desktop/goWorkingDir/src/github.com/cynthia4950/multiway_merge_sort/multiwayMS_v3/consumer.go:15.71,19.37 3 1
github.com/my/repo/Desktop/goWorkingDir/src/github.com/cynthia4950/multiway_merge_sort/multiwayMS_v3/consumer.go:23.2,23.6 1 1
github.com/my/repo/Desktop/goWorkingDir/src/github.com/cynthia4950/multiway_merge_sort/multiwayMS_v3/consumer.go:19.37,21.3 1 0
github.com/my/repo/Desktop/goWorkingDir/src/github.com/cynthia4950/multiway_merge_sort/multiwayMS_v3/consumer.go:23.6,25.17 2 1
github.com/my/repo/Desktop/goWorkingDir/src/github.com/cynthia4950/multiway_merge_sort/multiwayMS_v3/consumer.go:25.17,29.4 2 0
github.com/my/repo/Desktop/goWorkingDir/src/github.com/cynthia4950/multiway_merge_sort/multiwayMS_v3/consumer.go:29.9,30.19 1 1
github.com/my/repo/Desktop/goWorkingDir/src/github.com/cynthia4950/multiway_merge_sort/multiwayMS_v3/consumer.go:34.4,35.11 2 1
github.com/my/repo/Desktop/goWorkingDir/src/github.com/cynthia4950/multiway_merge_sort/multiwayMS_v3/consumer.go:40.4,43.18 3 1
github.com/my/repo/Desktop/goWorkingDir/src/github.com/cynthia4950/multiway_merge_sort/multiwayMS_v3/consumer.go:48.4,59.18 6 1
github.com/my/repo/Desktop/goWorkingDir/src/github.com/cynthia4950/multiway_merge_sort/multiwayMS_v3/consumer.go:62.4,62.41 1 1
github.com/my/repo/Desktop/goWorkingDir/src/github.com/cynthia4950/multiway_merge_sort/multiwayMS_v3/consumer.go:30.19,33.5 2 1
github.com/my/repo/Desktop/goWorkingDir/src/github.com/cynthia4950/multiway_merge_sort/multiwayMS_v3/consumer.go:35.11,38.5 2 0
github.com/my/repo/Desktop/goWorkingDir/src/github.com/cynthia4950/multiway_merge_sort/multiwayMS_v3/consumer.go:43.18,46.5 2 0
github.com/my/repo/Desktop/goWorkingDir/src/github.com/cynthia4950/multiway_merge_sort/multiwayMS_v3/consumer.go:59.18,61.5 1 1
github.com/my/repo/Desktop/goWorkingDir/src/github.com/cynthia4950/multiway_merge_sort/multiwayMS_v3/consumer.go:62.41,65.19 2 1
github.com/my/repo/Desktop/goWorkingDir/src/github.com/cynthia4950/multiway_merge_sort/multiwayMS_v3/consumer.go:65.19,67.6 1 0
github.com/my/repo/Desktop/goWorkingDir/src/github.com/cynthia4950/multiway_merge_sort/multiwayMS_v3/consumer.go:78.30,83.16 4 0
github.com/my/repo/Desktop/goWorkingDir/src/github.com/cynthia4950/multiway_merge_sort/multiwayMS_v3/consumer.go:86.2,86.21 1 0
github.com/my/repo/Desktop/goWorkingDir/src/github.com/cynthia4950/multiway_merge_sort/multiwayMS_v3/consumer.go:83.16,85.3 1 0
github.com/my/repo/Desktop/goWorkingDir/src/github.com/cynthia4950/multiway_merge_sort/multiwayMS_v3/consumer.go:89.55,92.2 2 1
github.com/my/repo/Desktop/goWorkingDir/src/github.com/cynthia4950/multiway_merge_sort/multiwayMS_v3/consumer.go:94.42,95.11 1 1
github.com/my/repo/Desktop/goWorkingDir/src/github.com/cynthia4950/multiway_merge_sort/multiwayMS_v3/consumer.go:95.11,101.3 4 1
github.com/my/repo/Desktop/goWorkingDir/src/github.com/cynthia4950/multiway_merge_sort/multiwayMS_v3/consumer.go:104.45,113.26 5 1
github.com/my/repo/Desktop/goWorkingDir/src/github.com/cynthia4950/multiway_merge_sort/multiwayMS_v3/consumer.go:117.2,117.26 1 1
github.com/my/repo/Desktop/goWorkingDir/src/github.com/cynthia4950/multiway_merge_sort/multiwayMS_v3/consumer.go:122.2,126.23 4 1
github.com/my/repo/Desktop/goWorkingDir/src/github.com/cynthia4950/multiway_merge_sort/multiwayMS_v3/consumer.go:138.2,138.13 1 1
github.com/my/repo/Desktop/goWorkingDir/src/github.com/cynthia4950/multiway_merge_sort/multiwayMS_v3/consumer.go:145.2,145.13 1 1
github.com/my/repo/Desktop/goWorkingDir/src/github.com/cynthia4950/multiway_merge_sort/multiwayMS_v3/consumer.go:113.26,115.3 1 1
github.com/my/repo/Desktop/goWorkingDir/src/github.com/cynthia4950/multiway_merge_sort/multiwayMS_v3/consumer.go:117.26,119.3 1 1
github.com/my/repo/Desktop/goWorkingDir/src/github.com/cynthia4950/multiway_merge_sort/multiwayMS_v3/consumer.go:126.23,127.19 1 1
github.com/my/repo/Desktop/goWorkingDir/src/github.com/cynthia4950/multiway_merge_sort/multiwayMS_v3/consumer.go:134.3,134.9 1 1
github.com/my/repo/Desktop/goWorkingDir/src/github.com/cynthia4950/multiway_merge_sort/multiwayMS_v3/consumer.go:127.19,130.4 2 1
github.com/my/repo/Desktop/goWorkingDir/src/github.com/cynthia4950/multiway_merge_sort/multiwayMS_v3/consumer.go:130.9,133.4 2 1
github.com/my/repo/Desktop/goWorkingDir/src/github.com/cynthia4950/multiway_merge_sort/multiwayMS_v3/consumer.go:138.13,142.3 3 1
github.com/my/repo/Desktop/goWorkingDir/src/github.com/cynthia4950/multiway_merge_sort/multiwayMS_v3/consumer.go:145.13,149.3 3 1
github.com/my/repo/Desktop/goWorkingDir/src/github.com/cynthia4950/multiway_merge_sort/multiwayMS_v3/consumer.go:152.19,159.16 4 1
github.com/my/repo/Desktop/goWorkingDir/src/github.com/cynthia4950/multiway_merge_sort/multiwayMS_v3/consumer.go:162.2,165.38 3 1
github.com/my/repo/Desktop/goWorkingDir/src/github.com/cynthia4950/multiway_merge_sort/multiwayMS_v3/consumer.go:171.2,176.38 4 1
github.com/my/repo/Desktop/goWorkingDir/src/github.com/cynthia4950/multiway_merge_sort/multiwayMS_v3/consumer.go:186.2,189.38 3 1
github.com/my/repo/Desktop/goWorkingDir/src/github.com/cynthia4950/multiway_merge_sort/multiwayMS_v3/consumer.go:200.2,201.16 2 1
github.com/my/repo/Desktop/goWorkingDir/src/github.com/cynthia4950/multiway_merge_sort/multiwayMS_v3/consumer.go:205.2,205.6 1 1
github.com/my/repo/Desktop/goWorkingDir/src/github.com/cynthia4950/multiway_merge_sort/multiwayMS_v3/consumer.go:159.16,161.3 1 1
github.com/my/repo/Desktop/goWorkingDir/src/github.com/cynthia4950/multiway_merge_sort/multiwayMS_v3/consumer.go:165.38,167.3 1 1
github.com/my/repo/Desktop/goWorkingDir/src/github.com/cynthia4950/multiway_merge_sort/multiwayMS_v3/consumer.go:176.38,184.3 5 1
github.com/my/repo/Desktop/goWorkingDir/src/github.com/cynthia4950/multiway_merge_sort/multiwayMS_v3/consumer.go:189.38,191.28 2 1
github.com/my/repo/Desktop/goWorkingDir/src/github.com/cynthia4950/multiway_merge_sort/multiwayMS_v3/consumer.go:191.28,194.4 2 0
github.com/my/repo/Desktop/goWorkingDir/src/github.com/cynthia4950/multiway_merge_sort/multiwayMS_v3/consumer.go:201.16,203.3 1 0
github.com/my/repo/Desktop/goWorkingDir/src/github.com/cynthia4950/multiway_merge_sort/multiwayMS_v3/consumer.go:205.6,208.17 2 1
github.com/my/repo/Desktop/goWorkingDir/src/github.com/cynthia4950/multiway_merge_sort/multiwayMS_v3/consumer.go:218.3,219.39 2 1
github.com/my/repo/Desktop/goWorkingDir/src/github.com/cynthia4950/multiway_merge_sort/multiwayMS_v3/consumer.go:230.3,230.24 1 1
github.com/my/repo/Desktop/goWorkingDir/src/github.com/cynthia4950/multiway_merge_sort/multiwayMS_v3/consumer.go:238.3,239.17 2 1
github.com/my/repo/Desktop/goWorkingDir/src/github.com/cynthia4950/multiway_merge_sort/multiwayMS_v3/consumer.go:208.17,214.4 4 1
github.com/my/repo/Desktop/goWorkingDir/src/github.com/cynthia4950/multiway_merge_sort/multiwayMS_v3/consumer.go:214.9,217.4 1 1
github.com/my/repo/Desktop/goWorkingDir/src/github.com/cynthia4950/multiway_merge_sort/multiwayMS_v3/consumer.go:219.39,221.29 2 1
github.com/my/repo/Desktop/goWorkingDir/src/github.com/cynthia4950/multiway_merge_sort/multiwayMS_v3/consumer.go:221.29,224.5 2 1
github.com/my/repo/Desktop/goWorkingDir/src/github.com/cynthia4950/multiway_merge_sort/multiwayMS_v3/consumer.go:230.24,232.40 1 1
github.com/my/repo/Desktop/goWorkingDir/src/github.com/cynthia4950/multiway_merge_sort/multiwayMS_v3/consumer.go:235.4,235.10 1 1
github.com/my/repo/Desktop/goWorkingDir/src/github.com/cynthia4950/multiway_merge_sort/multiwayMS_v3/consumer.go:232.40,234.5 1 1
github.com/my/repo/Desktop/goWorkingDir/src/github.com/cynthia4950/multiway_merge_sort/multiwayMS_v3/consumer.go:239.17,241.4 1 0
github.com/my/repo/Desktop/goWorkingDir/src/github.com/cynthia4950/multiway_merge_sort/multiwayMS_v3/consumer.go:248.120,259.2 6 1
github.com/my/repo/Desktop/goWorkingDir/src/github.com/cynthia4950/multiway_merge_sort/multiwayMS_v3/main.go:25.32,28.32 2 0
github.com/my/repo/Desktop/goWorkingDir/src/github.com/cynthia4950/multiway_merge_sort/multiwayMS_v3/main.go:47.2,48.20 2 0
github.com/my/repo/Desktop/goWorkingDir/src/github.com/cynthia4950/multiway_merge_sort/multiwayMS_v3/main.go:28.32,34.17 4 0
github.com/my/repo/Desktop/goWorkingDir/src/github.com/cynthia4950/multiway_merge_sort/multiwayMS_v3/main.go:39.3,40.31 2 0
github.com/my/repo/Desktop/goWorkingDir/src/github.com/cynthia4950/multiway_merge_sort/multiwayMS_v3/main.go:34.17,36.14 2 0
github.com/my/repo/Desktop/goWorkingDir/src/github.com/cynthia4950/multiway_merge_sort/multiwayMS_v3/main.go:40.31,43.4 2 0
github.com/my/repo/Desktop/goWorkingDir/src/github.com/cynthia4950/multiway_merge_sort/multiwayMS_v3/main.go:51.13,72.32 10 0
github.com/my/repo/Desktop/goWorkingDir/src/github.com/cynthia4950/multiway_merge_sort/multiwayMS_v3/main.go:77.2,80.35 3 0
github.com/my/repo/Desktop/goWorkingDir/src/github.com/cynthia4950/multiway_merge_sort/multiwayMS_v3/main.go:85.2,86.31 2 0
github.com/my/repo/Desktop/goWorkingDir/src/github.com/cynthia4950/multiway_merge_sort/multiwayMS_v3/main.go:72.32,76.3 3 0
github.com/my/repo/Desktop/goWorkingDir/src/github.com/cynthia4950/multiway_merge_sort/multiwayMS_v3/main.go:80.35,84.3 3 0
github.com/my/repo/Desktop/goWorkingDir/src/github.com/cynthia4950/multiway_merge_sort/multiwayMS_v3/producer.go:21.55,26.16 3 1
github.com/my/repo/Desktop/goWorkingDir/src/github.com/cynthia4950/multiway_merge_sort/multiwayMS_v3/producer.go:31.2,40.16 4 1
github.com/my/repo/Desktop/goWorkingDir/src/github.com/cynthia4950/multiway_merge_sort/multiwayMS_v3/producer.go:45.2,45.12 1 1
github.com/my/repo/Desktop/goWorkingDir/src/github.com/cynthia4950/multiway_merge_sort/multiwayMS_v3/producer.go:26.16,29.3 2 0
github.com/my/repo/Desktop/goWorkingDir/src/github.com/cynthia4950/multiway_merge_sort/multiwayMS_v3/producer.go:40.16,43.3 2 0
github.com/my/repo/Desktop/goWorkingDir/src/github.com/cynthia4950/multiway_merge_sort/multiwayMS_v3/producer.go:49.71,56.25 6 1
github.com/my/repo/Desktop/goWorkingDir/src/github.com/cynthia4950/multiway_merge_sort/multiwayMS_v3/producer.go:67.2,67.20 1 1
github.com/my/repo/Desktop/goWorkingDir/src/github.com/cynthia4950/multiway_merge_sort/multiwayMS_v3/producer.go:73.2,73.12 1 1
github.com/my/repo/Desktop/goWorkingDir/src/github.com/cynthia4950/multiway_merge_sort/multiwayMS_v3/producer.go:56.25,60.17 4 1
github.com/my/repo/Desktop/goWorkingDir/src/github.com/cynthia4950/multiway_merge_sort/multiwayMS_v3/producer.go:64.3,64.45 1 1
github.com/my/repo/Desktop/goWorkingDir/src/github.com/cynthia4950/multiway_merge_sort/multiwayMS_v3/producer.go:60.17,61.14 1 0
github.com/my/repo/Desktop/goWorkingDir/src/github.com/cynthia4950/multiway_merge_sort/multiwayMS_v3/producer.go:67.20,71.3 2 1
github.com/my/repo/Desktop/goWorkingDir/src/github.com/cynthia4950/multiway_merge_sort/multiwayMS_v3/producer.go:76.86,78.32 2 1
github.com/my/repo/Desktop/goWorkingDir/src/github.com/cynthia4950/multiway_merge_sort/multiwayMS_v3/producer.go:92.2,93.21 2 1
github.com/my/repo/Desktop/goWorkingDir/src/github.com/cynthia4950/multiway_merge_sort/multiwayMS_v3/producer.go:78.32,91.3 4 1
github.com/my/repo/Desktop/goWorkingDir/src/github.com/cynthia4950/multiway_merge_sort/multiwayMS_v3/queue.go:28.39,30.2 1 1
github.com/my/repo/Desktop/goWorkingDir/src/github.com/cynthia4950/multiway_merge_sort/multiwayMS_v3/queue.go:32.43,34.2 1 0
github.com/my/repo/Desktop/goWorkingDir/src/github.com/cynthia4950/multiway_merge_sort/multiwayMS_v3/queue.go:36.38,38.16 2 0
github.com/my/repo/Desktop/goWorkingDir/src/github.com/cynthia4950/multiway_merge_sort/multiwayMS_v3/queue.go:42.2,42.19 1 0
github.com/my/repo/Desktop/goWorkingDir/src/github.com/cynthia4950/multiway_merge_sort/multiwayMS_v3/queue.go:38.16,40.3 1 0
github.com/my/repo/Desktop/goWorkingDir/src/github.com/cynthia4950/multiway_merge_sort/multiwayMS_v3/queue.go:45.42,48.2 2 0
github.com/my/repo/Desktop/goWorkingDir/src/github.com/cynthia4950/multiway_merge_sort/multiwayMS_v3/queue.go:52.68,56.16 2 0
github.com/my/repo/Desktop/goWorkingDir/src/github.com/cynthia4950/multiway_merge_sort/multiwayMS_v3/queue.go:67.2,67.12 1 0
github.com/my/repo/Desktop/goWorkingDir/src/github.com/cynthia4950/multiway_merge_sort/multiwayMS_v3/queue.go:56.16,58.3 1 0
github.com/my/repo/Desktop/goWorkingDir/src/github.com/cynthia4950/multiway_merge_sort/multiwayMS_v3/queue.go:58.8,62.17 2 0
github.com/my/repo/Desktop/goWorkingDir/src/github.com/cynthia4950/multiway_merge_sort/multiwayMS_v3/queue.go:62.17,64.4 1 0
github.com/my/repo/Desktop/goWorkingDir/src/github.com/cynthia4950/multiway_merge_sort/multiwayMS_v3/queue.go:70.72,74.16 3 1
github.com/my/repo/Desktop/goWorkingDir/src/github.com/cynthia4950/multiway_merge_sort/multiwayMS_v3/queue.go:77.2,77.12 1 1
github.com/my/repo/Desktop/goWorkingDir/src/github.com/cynthia4950/multiway_merge_sort/multiwayMS_v3/queue.go:74.16,76.3 1 0
github.com/my/repo/Desktop/goWorkingDir/src/github.com/cynthia4950/multiway_merge_sort/multiwayMS_v3/queue.go:80.70,89.2 2 0
github.com/my/repo/Desktop/goWorkingDir/src/github.com/cynthia4950/multiway_merge_sort/multiwayMS_v3/queue.go:91.74,96.2 1 0
